[16-Aug-2024 17:40:11] ERROR: No pool defined. at least one pool section must be specified in config file
[16-Aug-2024 17:40:11] ERROR: failed to post process the configuration
[16-Aug-2024 17:40:11] ERROR: FPM initialization failed
[16-Aug-2024 17:46:14] NOTICE: fpm is running, pid 52643
[16-Aug-2024 17:46:14] NOTICE: ready to handle connections
[16-Aug-2024 17:50:44] NOTICE: Reloading in progress ...
[16-Aug-2024 17:50:44] NOTICE: reloading: execvp("/usr/local/cpanel/3rdparty/sbin/cpanel_php_fpm", {"/usr/local/cpanel/3rdparty/sbin/cpanel_php_fpm", "-y", "/usr/local/cpanel/etc/php-fpm.conf"})
[16-Aug-2024 17:50:44] NOTICE: using inherited socket fd=7, "/var/cpanel/php-fpm/cpanelphpmyadmin/sock"
[16-Aug-2024 17:50:44] NOTICE: using inherited socket fd=7, "/var/cpanel/php-fpm/cpanelphpmyadmin/sock"
[16-Aug-2024 17:50:44] NOTICE: fpm is running, pid 53599
[16-Aug-2024 17:50:44] NOTICE: ready to handle connections
[16-Aug-2024 17:58:54] NOTICE: Reloading in progress ...
[16-Aug-2024 17:58:54] NOTICE: reloading: execvp("/usr/local/cpanel/3rdparty/sbin/cpanel_php_fpm", {"/usr/local/cpanel/3rdparty/sbin/cpanel_php_fpm", "-y", "/usr/local/cpanel/etc/php-fpm.conf"})
[16-Aug-2024 17:58:54] NOTICE: using inherited socket fd=7, "/var/cpanel/php-fpm/cpanelphpmyadmin/sock"
[16-Aug-2024 17:58:54] NOTICE: using inherited socket fd=7, "/var/cpanel/php-fpm/cpanelphpmyadmin/sock"
[16-Aug-2024 17:58:54] NOTICE: using inherited socket fd=8, "/var/cpanel/php-fpm/ehsan/sock"
[16-Aug-2024 17:58:54] NOTICE: using inherited socket fd=8, "/var/cpanel/php-fpm/ehsan/sock"
[16-Aug-2024 17:58:54] NOTICE: fpm is running, pid 54612
[16-Aug-2024 17:58:54] NOTICE: ready to handle connections
[16-Aug-2024 18:07:29] NOTICE: Reloading in progress ...
[16-Aug-2024 18:07:29] NOTICE: reloading: execvp("/usr/local/cpanel/3rdparty/sbin/cpanel_php_fpm", {"/usr/local/cpanel/3rdparty/sbin/cpanel_php_fpm", "-y", "/usr/local/cpanel/etc/php-fpm.conf"})
[16-Aug-2024 18:07:29] NOTICE: using inherited socket fd=7, "/var/cpanel/php-fpm/cpanelphpmyadmin/sock"
[16-Aug-2024 18:07:29] NOTICE: using inherited socket fd=7, "/var/cpanel/php-fpm/cpanelphpmyadmin/sock"
[16-Aug-2024 18:07:29] NOTICE: using inherited socket fd=8, "/var/cpanel/php-fpm/ehsan/sock"
[16-Aug-2024 18:07:29] NOTICE: using inherited socket fd=8, "/var/cpanel/php-fpm/ehsan/sock"
[16-Aug-2024 18:07:29] NOTICE: using inherited socket fd=9, "/var/cpanel/php-fpm/ali/sock"
[16-Aug-2024 18:07:29] NOTICE: using inherited socket fd=9, "/var/cpanel/php-fpm/ali/sock"
[16-Aug-2024 18:07:29] NOTICE: fpm is running, pid 55451
[16-Aug-2024 18:07:29] NOTICE: ready to handle connections
